<?xml version="1.0" encoding="UTF-8"?>
<beans xmlns="http://www.springframework.org/schema/beans"
	xmlns:xsi="http://www.w3.org/2001/XMLSchema-instance" xmlns:context="http://www.springframework.org/schema/context"
	xmlns:aop="http://www.springframework.org/schema/aop" xmlns:mvc="http://www.springframework.org/schema/mvc"
	xmlns:util="http://www.springframework.org/schema/util" xmlns:p="http://www.springframework.org/schema/p"
	xsi:schemaLocation="
	http://www.springframework.org/schema/beans http://www.springframework.org/schema/beans/spring-beans-3.0.xsd
	http://www.springframework.org/schema/context http://www.springframework.org/schema/context/spring-context-3.0.xsd
	http://www.springframework.org/schema/aop http://www.springframework.org/schema/aop/spring-aop-3.0.xsd
	http://www.springframework.org/schema/mvc http://www.springframework.org/schema/mvc/spring-mvc-3.2.xsd
	http://www.springframework.org/schema/util http://www.springframework.org/schema/util/spring-util-3.0.xsd">
	
	<context:property-placeholder location="classpath:app.properties" />

	<context:component-scan base-package="com.errpro">
			
	</context:component-scan>
	
	<mvc:resources mapping="/scripts/**" location="/scripts/"/>
	<mvc:resources mapping="/js/**" location="static/js/"/>
	<mvc:resources mapping="/extjs/**" location="/extjs/"/>
	<mvc:resources mapping="/styles/**" location="/styles/"/>
	<mvc:resources mapping="/css/**" location="static/css/"/>
	<mvc:resources mapping="/images/**" location="/images/"/>
	<mvc:resources mapping="/swf/**" location="/swf/"/>
	<mvc:resources mapping="/intro/**" location="/intro/"/>
	<mvc:resources mapping="/**.html" location="/"/>

	<mvc:annotation-driven/>

	<bean  class="org.springframework.web.servlet.view.InternalResourceViewResolver">
		<property name="prefix">
			<value>/WEB-INF/views/</value>
		</property>
		<property name="suffix">
			<value>.jsp</value>
		</property>
	</bean>

</beans>
